Challenge1/build/app/outputs/mapping/release/mapping.txt
# compiler: R8
# compiler_version: 1.5.64
# min_api: 16
# pg_map_id: 3a18647
...
io.flutter.plugin.platform.PlatformViewsAccessibilityDelegate -> io.flutter.plugin.platform.h:
    void attachAccessibilityBridge(io.flutter.view.AccessibilityBridge) -> a
    void detachAccessibiltyBridge() -> a
    android.view.View getPlatformViewById(java.lang.Integer) -> a
io.flutter.plugin.platform.PlatformViewsController -> io.flutter.plugin.platform.i:
    java.util.HashMap contextToPlatformView -> i
    java.util.HashMap vdControllers -> h
    android.content.Context context -> b
    io.flutter.plugin.platform.AccessibilityEventsDelegate accessibilityEventsDelegate -> g
    io.flutter.view.TextureRegistry textureRegistry -> d
    io.flutter.plugin.platform.PlatformViewRegistryImpl registry -> a
    android.view.View flutterView -> c
    io.flutter.plugin.editing.TextInputPlugin textInputPlugin -> e
    io.flutter.embedding.engine.systemchannels.PlatformViewsChannel platformViewsChannel -> f
    io.flutter.embedding.engine.systemchannels.PlatformViewsChannel$PlatformViewsHandler channelHandler -> j
    boolean access$000(int) -> a
    io.flutter.plugin.platform.PlatformViewRegistryImpl access$100(io.flutter.plugin.platform.PlatformViewsController) -> a
    void access$1000(io.flutter.plugin.platform.PlatformViewsController,io.flutter.plugin.platform.VirtualDisplayController) -> a
    java.util.List access$1200(java.lang.Object) -> a
    java.util.List access$1300(java.lang.Object,float) -> a
    int access$200(io.flutter.plugin.platform.PlatformViewsController,double) -> a
    void access$300(io.flutter.plugin.platform.PlatformViewsController,int,int) -> a
    void attach(android.content.Context,io.flutter.view.TextureRegistry,io.flutter.embedding.engine.dart.DartExecutor) -> a
io.flutter.plugin.platform.PlatformViewsController$1 -> io.flutter.plugin.platform.i$a:
    io.flutter.plugin.platform.PlatformViewsController this$0 -> a
    long createPlatformView(io.flutter.embedding.engine.systemchannels.PlatformViewsChannel$PlatformViewCreationRequest) -> a
    void disposePlatformView(int) -> a
    void ensureValidAndroidVersion() -> a
    void lambda$createPlatformView$0(io.flutter.embedding.engine.systemchannels.PlatformViewsChannel$PlatformViewCreationRequest,android.view.View,boolean) -> a
    void onTouch(io.flutter.embedding.engine.systemchannels.PlatformViewsChannel$PlatformViewTouch) -> a
    void resizePlatformView(io.flutter.embedding.engine.systemchannels.PlatformViewsChannel$PlatformViewResizeRequest,java.lang.Runnable) -> a
    void setDirection(int,int) -> a
    void clearFocus(int) -> b
io.flutter.plugin.platform.PlatformViewsController$1$1 -> io.flutter.plugin.platform.i$a$a:
    io.flutter.plugin.platform.VirtualDisplayController val$vdController -> a
    java.lang.Runnable val$onComplete -> b
    io.flutter.plugin.platform.PlatformViewsController$1 this$1 -> c
io.flutter.plugin.platform.SingleViewPresentation$AccessibilityDelegatingFrameLayout -> io.flutter.plugin.platform.SingleViewPresentation$a:
    android.view.View embeddedView -> b
    io.flutter.plugin.platform.AccessibilityEventsDelegate accessibilityEventsDelegate -> a
io.flutter.plugin.platform.SingleViewPresentation$FakeWindowViewGroup -> io.flutter.plugin.platform.SingleViewPresentation$b:
    android.graphics.Rect viewBounds -> a
    android.graphics.Rect childRect -> b
    int atMost(int) -> a
io.flutter.plugin.platform.SingleViewPresentation$ImmContext -> io.flutter.plugin.platform.SingleViewPresentation$c:
    android.view.inputmethod.InputMethodManager inputMethodManager -> a
io.flutter.plugin.platform.SingleViewPresentation$PresentationContext -> io.flutter.plugin.platform.SingleViewPresentation$d:
    android.content.Context flutterAppWindowContext -> c
    io.flutter.plugin.platform.SingleViewPresentation$WindowManagerHandler windowManagerHandler -> a
    android.view.WindowManager windowManager -> b
    android.view.WindowManager getWindowManager() -> a
    boolean isCalledFromAlertDialog() -> b